Using pre-set license

 COMMAND LINE ARGUMENTS:
/Applications/Unity/Hub/Editor/2021.1.7f1/Unity.app/Contents/MacOS/Unity
-adb2
-batchMode
-noUpm
-name
AssetImportWorker0
-projectPath
/Users/caseymanning/Documents/VRITS2
-logFile
Logs/AssetImportWorker0.log
-srvPort
50542
Successfully changed project path to: /Users/caseymanning/Documents/VRITS2
/Users/caseymanning/Documents/VRITS2
Using Asset Import Pipeline V2.
Refreshing native plugins compatible for Editor in 88.65 ms, found 1 plugins.
Preloading 0 native plugins for Editor in 0.00 ms.
Initialize engine version: 2021.1.7f1 (d91830b65d9b)
[Subsystems] Discovering subsystems at path /Applications/Unity/Hub/Editor/2021.1.7f1/Unity.app/Contents/Resources/UnitySubsystems
[Subsystems] Discovering subsystems at path /Users/caseymanning/Documents/VRITS2/Assets
GfxDevice: creating device client; threaded=0; jobified=0
2021-09-24 15:54:53.591 Unity[1872:58200] Color LCD preferred device: Intel(R) Iris(TM) Plus Graphics (low power)
2021-09-24 15:54:53.591 Unity[1872:58200] Metal devices available: 1
2021-09-24 15:54:53.591 Unity[1872:58200] 0: Intel(R) Iris(TM) Plus Graphics (low power)
2021-09-24 15:54:53.592 Unity[1872:58200] Using device Intel(R) Iris(TM) Plus Graphics (low power)
Initializing Metal device caps: Intel(R) Iris(TM) Plus Graphics
Initialize mono
Mono path[0] = '/Applications/Unity/Hub/Editor/2021.1.7f1/Unity.app/Contents/Managed'
Mono path[1] = '/Applications/Unity/Hub/Editor/2021.1.7f1/Unity.app/Contents/MonoBleedingEdge/lib/mono/unityjit'
Mono config path = '/Applications/Unity/Hub/Editor/2021.1.7f1/Unity.app/Contents/MonoBleedingEdge/etc'
Using monoOptions --debugger-agent=transport=dt_socket,embedding=1,server=y,suspend=n,address=127.0.0.1:56872
Begin MonoManager ReloadAssembly
Registering precompiled unity dll's ...
Register platform support module: /Applications/Unity/Hub/Editor/2021.1.7f1/Unity.app/Contents/PlaybackEngines/MacStandaloneSupport/UnityEditor.OSXStandalone.Extensions.dll
Registered in 0.000977 seconds.
Native extension for OSXStandalone target not found
Refreshing native plugins compatible for Editor in 92.31 ms, found 1 plugins.
Preloading 0 native plugins for Editor in 0.00 ms.
Mono: successfully reloaded assembly
- Completed reload, in  2.753 seconds
Platform modules already initialized, skipping
Registering precompiled user dll's ...
Registered in 0.001673 seconds.
Begin MonoManager ReloadAssembly
Symbol file LoadedFromMemory doesn't match image /Users/caseymanning/Documents/VRITS2/Library/PackageCache/com.unity.visualscripting@1.6.1/Editor/VisualScripting.Core/Dependencies/YamlDotNet/Unity.VisualScripting.YamlDotNet.dll
Symbol file LoadedFromMemory doesn't match image /Users/caseymanning/Documents/VRITS2/Library/PackageCache/com.unity.visualscripting@1.6.1/Editor/VisualScripting.Core/Dependencies/DotNetZip/Unity.VisualScripting.IonicZip.dll
Native extension for OSXStandalone target not found
Refreshing native plugins compatible for Editor in 0.47 ms, found 1 plugins.
Preloading 0 native plugins for Editor in 0.00 ms.
Mono: successfully reloaded assembly
- Completed reload, in  1.324 seconds
Platform modules already initialized, skipping
========================================================================
Worker process is ready to serve import requests
Launching external process: /Applications/Unity/Hub/Editor/2021.1.7f1/Unity.app/Contents/Tools/UnityShaderCompiler
Launched and connected shader compiler UnityShaderCompiler after 0.02 seconds
Refreshing native plugins compatible for Editor in 0.54 ms, found 1 plugins.
Preloading 0 native plugins for Editor in 0.00 ms.
Unloading 2737 Unused Serialized files (Serialized files now loaded: 0)
System memory in use before: 182.7 MB.
System memory in use after: 182.4 MB.

Unloading 16 unused Assets to reduce memory usage. Loaded Objects now: 3198.
Total: 2.728768 ms (FindLiveObjects: 0.263915 ms CreateObjectMapping: 0.131616 ms MarkObjects: 2.039492 ms  DeleteObjects: 0.292433 ms)

========================================================================
Received Import Request.
  path: Assets/Standard Assets/2D
  artifactKey: Guid(27dbec7630294d64c9ab91261656cbd4) Importer(815301076,1909f56bfc062723c751e8b465ee728b)
Start importing Assets/Standard Assets/2D using Guid(27dbec7630294d64c9ab91261656cbd4) Importer(815301076,1909f56bfc062723c751e8b465ee728b)  -> (artifact id: '4558ddfe9ee7821b0960fe7ccca666c9') in 0.007807 seconds 
========================================================================
Received Import Request.
  Time since last request: 1.546791 seconds.
  path: Assets/Standard Assets/Effects
  artifactKey: Guid(115d1f9d9bd29064ab981e57c8fc8cdf) Importer(815301076,1909f56bfc062723c751e8b465ee728b)
Start importing Assets/Standard Assets/Effects using Guid(115d1f9d9bd29064ab981e57c8fc8cdf) Importer(815301076,1909f56bfc062723c751e8b465ee728b)  -> (artifact id: '34f3caac59c06605f16ef021f743b3c1') in 0.003224 seconds 
========================================================================
Received Import Request.
  Time since last request: 2.161487 seconds.
  path: Assets/Standard Assets/Effects/TessellationShaders
  artifactKey: Guid(b7b4d46ae2ac0ff449c02180209eea5d) Importer(815301076,1909f56bfc062723c751e8b465ee728b)
Start importing Assets/Standard Assets/Effects/TessellationShaders using Guid(b7b4d46ae2ac0ff449c02180209eea5d) Importer(815301076,1909f56bfc062723c751e8b465ee728b)  -> (artifact id: '371e3c9bd10c1d2470d0746c4ca7d544') in 0.002278 seconds 
========================================================================
Received Prepare
Registering precompiled user dll's ...
Registered in 0.001429 seconds.
Begin MonoManager ReloadAssembly
Symbol file LoadedFromMemory doesn't match image /Users/caseymanning/Documents/VRITS2/Library/PackageCache/com.unity.visualscripting@1.6.1/Editor/VisualScripting.Core/Dependencies/YamlDotNet/Unity.VisualScripting.YamlDotNet.dll
Symbol file LoadedFromMemory doesn't match image /Users/caseymanning/Documents/VRITS2/Library/PackageCache/com.unity.visualscripting@1.6.1/Editor/VisualScripting.Core/Dependencies/DotNetZip/Unity.VisualScripting.IonicZip.dll
Native extension for OSXStandalone target not found
Refreshing native plugins compatible for Editor in 0.47 ms, found 1 plugins.
Preloading 0 native plugins for Editor in 0.00 ms.
Mono: successfully reloaded assembly
- Completed reload, in  1.133 seconds
Platform modules already initialized, skipping
Refreshing native plugins compatible for Editor in 0.59 ms, found 1 plugins.
Preloading 0 native plugins for Editor in 0.00 ms.
Unloading 2716 Unused Serialized files (Serialized files now loaded: 0)
System memory in use before: 181.5 MB.
System memory in use after: 181.6 MB.

Unloading 14 unused Assets to reduce memory usage. Loaded Objects now: 3196.
Total: 2.730924 ms (FindLiveObjects: 0.206842 ms CreateObjectMapping: 0.099746 ms MarkObjects: 2.248500 ms  DeleteObjects: 0.174209 ms)

========================================================================
Received Import Request.
  Time since last request: 168.348849 seconds.
  path: Assets/Standard Assets/Characters
  artifactKey: Guid(8c32f58513a41ef4dab9cb7704c5fb92) Importer(815301076,1909f56bfc062723c751e8b465ee728b)
Start importing Assets/Standard Assets/Characters using Guid(8c32f58513a41ef4dab9cb7704c5fb92) Importer(815301076,1909f56bfc062723c751e8b465ee728b)  -> (artifact id: '2ed30adbe8a1c3b5a1936a139fc95024') in 0.006453 seconds 
========================================================================
Received Import Request.
  Time since last request: 19.175532 seconds.
  path: Assets/Standard Assets/Prototyping/Models
  artifactKey: Guid(244e48ea2b590df4eb7841878685db1e) Importer(815301076,1909f56bfc062723c751e8b465ee728b)
Start importing Assets/Standard Assets/Prototyping/Models using Guid(244e48ea2b590df4eb7841878685db1e) Importer(815301076,1909f56bfc062723c751e8b465ee728b)  -> (artifact id: 'c9bc742544d5117adfd8aec6d59f4d2a') in 0.001591 seconds 
========================================================================
Received Import Request.
  Time since last request: 20.754275 seconds.
  path: Assets/Standard Assets/Cameras/Prefabs
  artifactKey: Guid(a869b219648fd6c47a3c134f3520ccff) Importer(815301076,1909f56bfc062723c751e8b465ee728b)
Start importing Assets/Standard Assets/Cameras/Prefabs using Guid(a869b219648fd6c47a3c134f3520ccff) Importer(815301076,1909f56bfc062723c751e8b465ee728b)  -> (artifact id: '36a8aedb5550307395a57a24bef8e324') in 0.002649 seconds 
========================================================================
Received Import Request.
  Time since last request: 7.383435 seconds.
  path: Assets/Standard Assets/Cameras/Scripts
  artifactKey: Guid(e7b22774d57de9f4eb961b3ff68ed80a) Importer(815301076,1909f56bfc062723c751e8b465ee728b)
Start importing Assets/Standard Assets/Cameras/Scripts using Guid(e7b22774d57de9f4eb961b3ff68ed80a) Importer(815301076,1909f56bfc062723c751e8b465ee728b)  -> (artifact id: '5d0c8f1b5cb0f2c07b8d62a0f993c6f4') in 0.003796 seconds 
========================================================================
Received Prepare
Registering precompiled user dll's ...
Registered in 0.002195 seconds.
Begin MonoManager ReloadAssembly
Symbol file LoadedFromMemory doesn't match image /Users/caseymanning/Documents/VRITS2/Library/PackageCache/com.unity.visualscripting@1.6.1/Editor/VisualScripting.Core/Dependencies/YamlDotNet/Unity.VisualScripting.YamlDotNet.dll
Symbol file LoadedFromMemory doesn't match image /Users/caseymanning/Documents/VRITS2/Library/PackageCache/com.unity.visualscripting@1.6.1/Editor/VisualScripting.Core/Dependencies/DotNetZip/Unity.VisualScripting.IonicZip.dll
Native extension for OSXStandalone target not found
Refreshing native plugins compatible for Editor in 0.60 ms, found 1 plugins.
Preloading 0 native plugins for Editor in 0.00 ms.
Mono: successfully reloaded assembly
- Completed reload, in  1.184 seconds
Platform modules already initialized, skipping
Refreshing native plugins compatible for Editor in 0.69 ms, found 1 plugins.
Preloading 0 native plugins for Editor in 0.00 ms.
Unloading 2716 Unused Serialized files (Serialized files now loaded: 0)
System memory in use before: 182.3 MB.
System memory in use after: 182.5 MB.

Unloading 9 unused Assets to reduce memory usage. Loaded Objects now: 3199.
Total: 2.224973 ms (FindLiveObjects: 0.189393 ms CreateObjectMapping: 0.085666 ms MarkObjects: 1.887745 ms  DeleteObjects: 0.060728 ms)

